対象（active）: 209院 / 未対応: 209院
  [1/209] リトルシルバー  総合20点 📡1ソース
  [2/209] 西村歯科医院  総合15点 📡0ソース
  [3/209] 細原歯科医院  総合0点 📡0ソース
  [4/209] 片岡歯科医院  総合10点 📡0ソース
  [5/209] 山井歯科クリニック  総合35点 📡0ソース
  [6/209] 田村歯科医院  総合20点 📡0ソース
  [7/209] うがき歯科医院  総合50点 📡2ソース
  [8/209] アクア畠中歯科  総合75点 📡2ソース
  [9/209] 佐多歯科  総合0点 📡0ソース
  [10/209] そえだ歯科医院  総合45点 📡2ソース
  [11/209] 奥野歯科医院  総合0点 📡0ソース
  [12/209] 安光歯科  総合0点 📡0ソース
  [13/209] 橋爪歯科医院  総合0点 📡0ソース
  [14/209] 菅沼歯科医院  総合0点 📡0ソース
  [15/209] 福島歯科医院  総合42点 📡0ソース
  [16/209] 栗本歯科医院  総合0点 📡0ソース
  [17/209] ひさい歯科医院  総合85点 📡1ソース
  [18/209] なかやま歯科  総合50点 📡0ソース
  [19/209] 延原歯科医院  総合47点 📡1ソース
  [20/209] 滝内歯科医院  総合0点 📡1ソース
  💾 20件完了・保存
  [21/209] まじま歯科医院  総合70点 📡2ソース
  [22/209] さとう歯科  総合77点 📡2ソース
  [23/209] クスノセ歯科医院  総合79点 📡3ソース
  [24/209] かもい歯科  総合70点 📡3ソース
  [25/209] 花田矯正歯科  総合52点 📡2ソース
  [26/209] 井波歯科医院  総合10点 📡0ソース
  [27/209] 馬場歯科医院  総合0点 📡0ソース
  [28/209] にしむら歯科  総合20点 📡0ソース
  [29/209] 松岡歯科医院  総合52点 📡2ソース
  [30/209] 尼崎駅前歯科・矯正歯科  総合40点 📡2ソース
  [31/209] 医療法人社団青波会 今井歯科クリニック  総合52点 📡2ソース
  [32/209] 白岡歯科医院  総合58点 📡2ソース
  [33/209] しげた歯科・矯正歯科  総合77点 📡3ソース
  [34/209] たかおか歯科医院  総合45点 📡1ソース
  [35/209] 謝花歯科医院  総合0点 📡0ソース
  [36/209] 長沢歯科医院  総合15点 📡1ソース
  [37/209] 松田歯科医院  総合0点 📡0ソース
  [38/209] ＯＴサイエンス  総合0点 📡0ソース
  [39/209] ひらき歯科  総合40点 📡2ソース
  [40/209] 永末歯科医院  総合0点 📡0ソース
  💾 40件完了・保存
  [41/209] ふくち歯科  総合30点 📡1ソース
  [42/209] 久保歯科医院  総合5点 📡0ソース
  [43/209] 牛嶋歯科医院  総合40点 📡1ソース
  [44/209] 板垣歯科  総合0点 📡0ソース
  [45/209] 直田歯科医院  総合35点 📡0ソース
  [46/209] 尾上歯科医院  総合0点 📡0ソース
  [47/209] 加藤歯科  総合75点 📡2ソース
  [48/209] 矢冨歯科医院  総合40点 📡0ソース
  [49/209] 小野歯科医院  総合0点 📡0ソース
  [50/209] 丸山歯科医院  総合0点 📡0ソース
  [51/209] 吉田歯科医院  総合22点 📡0ソース
  [52/209] 村田歯科医院  総合47点 📡1ソース
  [53/209] 吉竹歯科医院  総合77点 📡2ソース
  [54/209] ますたに歯科  総合0点 📡0ソース
  [55/209] 和田歯科医院  総合20点 📡0ソース
  [56/209] 久原歯科  総合75点 📡3ソース
  [57/209] アオキ歯科医院  総合30点 📡1ソース
  [58/209] 徳永歯科診療所  総合65点 📡2ソース
  [59/209] アップル歯科尼崎駅前  総合74点 📡3ソース
  [60/209] 尼崎N’s歯科口腔クリニック  総合74点 📡3ソース
  💾 60件完了・保存
  [61/209] すずき歯科クリニック  総合75点 📡3ソース
  [62/209] はぴねす歯科・矯正歯科 尼崎駅前クリニック  総合73点 📡1ソース
  [63/209] JR尼崎駅前やすだ歯科  総合75点 📡3ソース
  [64/209] ブライトデンタルクリニック あまがさきキューズモ  総合40点 📡2ソース
  [65/209] 石黒歯科医院  総合35点 📡1ソース
  [66/209] くろだ歯科医院  総合75点 📡2ソース
  [67/209] 生協歯科  総合70点 📡3ソース
  [68/209] 伊沢歯科  総合0点 📡0ソース
  [69/209] たなかデンタルクリニック  総合70点 📡1ソース
  [70/209] 永田歯科医院  総合67点 📡2ソース
  [71/209] ながみね歯科クリニック  総合75点 📡2ソース
  [72/209] 古川歯科医院  総合0点 📡0ソース
  [73/209] 清水歯科  総合20点 📡1ソース
  [74/209] 芦田歯科医院  総合0点 📡0ソース
  [75/209] 寺浦歯科医院  総合25点 📡1ソース
  [76/209] 中島歯科医院  総合62点 📡3ソース
  [77/209] はまうらパーク歯科  総合80点 📡3ソース
  [78/209] ひだまりの歯科  総合77点 📡1ソース
  [79/209] 坪田歯科医院  総合15点 📡1ソース
  [80/209] 伊藤歯科医院  総合40点 📡0ソース
  💾 80件完了・保存
  [81/209] こばやしデンタルクリニック  総合80点 📡2ソース
  [82/209] ほしいろ歯科こども歯科クリニック  総合43点 📡2ソース
  [83/209] 与那嶺歯科医院  総合40点 📡0ソース
  [84/209] 井上歯科医院  総合65点 📡2ソース
  [85/209] 尼崎ガーデン歯科  総合70点 📡3ソース
  [86/209] にしだ歯科  総合44点 📡2ソース
  [87/209] たけざき歯科医院  総合30点 📡0ソース
  [88/209] やすらぎ歯科医院  総合40点 📡1ソース
  [89/209] よしだ歯科  総合0点 📡0ソース
  [90/209] Lipsy JR尼崎店  総合48点 📡1ソース
  [91/209] 新都心歯科クリニック  総合74点 📡1ソース
  [92/209] きはら歯科  総合72点 📡1ソース
  [93/209] かわばた矯正歯科  総合80点 📡3ソース
  [94/209] 吉田歯科クリニック  総合40点 📡0ソース
  [95/209] 松崎歯科医院  総合15点 📡0ソース
  [96/209] さかたに歯科医院  総合0点 📡0ソース
  [97/209] ケイズ歯科医院  総合58点 📡3ソース
  [98/209] 安部デンタルラボラトリー  総合0点 📡0ソース
  [99/209] のぶ歯科クリニック  総合70点 📡1ソース
  [100/209] オパールデンタルクリニック  総合44点 📡3ソース
  💾 100件完了・保存
  [101/209] 宮脇歯科医院  総合20点 📡0ソース
  [102/209] 川上歯科医院  総合55点 📡1ソース
  [103/209] 浜本歯科医院  総合40点 📡0ソース
  [104/209] 永井歯科•矯正歯科  総合83点 📡2ソース
  [105/209] 馬場歯科医院  総合0点 📡0ソース
  [106/209] 長浜歯科  総合0点 📡0ソース
  [107/209] 塚口オオマチ歯科・矯正歯科  総合58点 📡2ソース
  [108/209] 山口歯科医院  総合75点 📡1ソース
  [109/209] 中嶋歯科医院  総合72点 📡1ソース
  [110/209] 内野歯科  総合40点 📡2ソース
  [111/209] 尼崎市ほほえみ歯科｜園田駅・インプラント・矯正歯  総合80点 📡3ソース
  [112/209] 本田歯科医院  総合68点 📡3ソース
  [113/209] すずき歯科医院  総合10点 📡1ソース
  [114/209] ふくだ歯科  総合40点 📡3ソース
  [115/209] 杉本歯科クリニック  総合85点 📡2ソース
  [116/209] まなべ歯科  総合70点 📡2ソース
  [117/209] 翔己会（医療法人）歯の相談室  総合0点 📡0ソース
  [118/209] やつづか歯科医院  総合52点 📡2ソース
  [119/209] 坂歯科医院  総合40点 📡0ソース
  [120/209] かい歯科  総合79点 📡3ソース
  💾 120件完了・保存
  [121/209] 武庫之荘駅前かい矯正歯科  総合68点 📡2ソース
  [122/209] ハイズ歯科・矯正歯科クリニック  総合70点 📡2ソース
  [123/209] 武庫之荘駅前歯科 ママとこどものはいしゃさん  総合71点 📡2ソース
  [124/209] 武庫之荘駅前アリス歯科  総合40点 📡3ソース
  [125/209] たまむら矯正歯科 武庫之荘院  総合78点 📡2ソース
  [126/209] はたい歯科醫院  総合77点 📡3ソース
  [127/209] はしづめ歯科クリニック  総合62点 📡2ソース
  [128/209] 石川齒科醫院  総合77点 📡3ソース
  [129/209] 阿部歯科  総合80点 📡2ソース
  [130/209] 池永歯科  総合0点 📡0ソース
  [131/209] あそうデンタルケア  総合24点 📡0ソース
  [132/209] SUMIDA DENTAL CLINIC  総合82点 📡1ソース
  [133/209] 小島歯科医院  総合42点 📡1ソース
  [134/209] 正木歯科クリニック  総合70点 📡1ソース
  [135/209] きしもと歯科  総合60点 📡1ソース
  [136/209] 菅原歯科クリニック  総合50点 📡1ソース
  [137/209] ＮＤデンタルクリニック  総合52点 📡2ソース
  [138/209] ウカイ歯科クリニック 塚口 矯正  総合83点 📡3ソース
  [139/209] 阿部歯科・矯正歯科  総合50点 📡1ソース
  [140/209] あだち歯科医院  総合12点 📡0ソース
  💾 140件完了・保存
  [141/209] 管野歯科医院  総合15点 📡0ソース
  [142/209] 武藤歯科医院  総合0点 📡0ソース
  [143/209] よしだ歯科クリニック  総合37点 📡1ソース
  [144/209] 小林歯科  総合24点 📡1ソース
  [145/209] あらい歯科医院  総合77点 📡3ソース
  [146/209] 塚口駅前サンスマイル歯科クリニック  総合24点 📡1ソース
  [147/209] 徳永歯科クリニック  総合75点 📡2ソース
  [148/209] 朝井矯正歯科  総合42点 📡1ソース
  [149/209] 岡本歯科医院  総合0点 📡0ソース
  [150/209] たにぐち歯科クリニック  総合42点 📡1ソース
  [151/209] 塚口駅前デンタルクリニック  総合45点 📡3ソース
  [152/209] 白川歯科クリニック  総合45点 📡1ソース
  [153/209] はらだ歯科クリニック  総合35点 📡2ソース
  [154/209] ピーチ歯科  総合42点 📡0ソース
  [155/209] にしうら歯科クリニック  総合75点 📡2ソース
  [156/209] 井上歯科医院  総合40点 📡0ソース
  [157/209] あべ歯科クリニック  総合75点 📡2ソース
  [158/209] 秋山歯科  総合10点 📡0ソース
  [159/209] シツキ歯科  総合10点 📡0ソース
  [160/209] ＣｏｃｏｒｏＤｅｎｔａｌＣｌｉｎｉｃ  総合40点 📡0ソース
  💾 160件完了・保存
  [161/209] かめい矯正・小児歯科クリニック  総合60点 📡3ソース
  [162/209] 住田歯科診療医院  総合22点 📡0ソース
  [163/209] やとみ歯科  総合57点 📡3ソース
  [164/209] 細川歯科医院  総合75点 📡3ソース
  [165/209] 桂歯科医院  総合0点 📡0ソース
  [166/209] やすらぎ歯科 園田  総合15点 📡0ソース
  [167/209] 末松歯科クリニック（医療法人社団）  総合20点 📡0ソース
  [168/209] 栗原医院  総合5点 📡0ソース
  [169/209] 大野歯科  総合60点 📡2ソース
  [170/209] アキ歯科クリニック  総合42点 📡2ソース
  [171/209] いちむら歯科クリニック  総合70点 📡3ソース
  [172/209] 米花 歯科医院  総合38点 📡0ソース
  [173/209] ながとし歯科医院  総合75点 📡2ソース
  [174/209] やまもと歯科  総合35点 📡0ソース
  [175/209] 水野歯科医院  総合57点 📡2ソース
  [176/209] 長安歯科医院  総合0点 📡0ソース
  [177/209] むらうち歯科矯正歯科  総合78点 📡3ソース
  [178/209] いけだ歯科クリニック  総合70点 📡3ソース
  [179/209] 田中歯科  総合83点 📡3ソース
  [180/209] 塚口むらうち小児矯正クリニック  総合55点 📡2ソース
  💾 180件完了・保存
  [181/209] 鎌谷歯科医院  総合77点 📡2ソース
  [182/209] ごおデンタルクリニック  総合30点 📡1ソース
  [183/209] こくぶ歯科  総合20点 📡0ソース
  [184/209] 西村歯科  総合0点 📡0ソース
  [185/209] 鍵谷歯科医院  総合0点 📡0ソース
  [186/209] デンタル・セラミック（株）  総合0点 📡0ソース
  [187/209] 橋村歯科医院  総合65点 📡0ソース
  [188/209] 西本歯科医院  総合0点 📡0ソース
  [189/209] みずの歯科・矯正歯科  総合5点 📡0ソース
  [190/209] 内田歯科医院  総合60点 📡0ソース
  [191/209] みちざわ歯科・口腔外科  総合2点 📡0ソース
  [192/209] 三瀬歯科  総合0点 📡0ソース
  [193/209] 江森歯科  総合30点 📡0ソース
  [194/209] いちば歯科医院  総合70点 📡0ソース
  [195/209] ひろし歯科  総合25点 📡0ソース
  [196/209] 井上歯科 園田  総合65点 📡0ソース
  [197/209] どうがん歯科医院  総合60点 📡0ソース
  [198/209] ふじた歯科  総合0点 📡0ソース
  [199/209] 玉田歯科クリニック  総合0点 📡0ソース
  [200/209] きたつじ歯科クリニック  総合5点 📡0ソース
  💾 200件完了・保存
  [201/209] KANDA DENTAL CLINIC  総合2点 📡0ソース
  [202/209] 訪問歯科支援センター オーシン  総合0点 📡0ソース
  [203/209] あおぞらデンタルクリニック  総合8点 📡0ソース
  [204/209] 尼崎市歯科医師会  総合2点 📡0ソース
  [205/209] くすのきデンタルクリニック  総合50点 📡0ソース
  [206/209] 尼崎口腔衛生センター  総合40点 📡0ソース
  [207/209] 障がい者グループホームLikeMe尼崎  総合0点 📡0ソース
  [208/209] あん歯科クリニック  総合2点 📡0ソース
  [209/209] 村内歯科医院  総合75点 📡0ソース

✅ 完了：209院を新スキーマに更新しました
