
============================================================
  尼崎歯科総研 医院DB構築 v4.0  2026-07-08
  設計思想: 全院網羅（Nearby Search グリッド）+ AI評判生成
  グリッド数: 144点（間隔0.008度・半径600m）
  現在のDB  : 0院
  足切り    : 閉業のみ（評価・口コミ数での除外なし）
============================================================

【Phase 1】Nearby Search グリッド — 尼崎市全域を座標で網羅
  目標: 検索順位・SEOに依存せず存在する全医院を取得

  🔲 [  1/144] (34.68, 135.375) → 0件（新規: 0院）
  🔲 [  2/144] (34.68, 135.383) → 0件（新規: 0院）
  🔲 [  3/144] (34.68, 135.391) → 0件（新規: 0院）
  🔲 [  4/144] (34.68, 135.399) → 0件（新規: 0院）
  🔲 [  5/144] (34.68, 135.407) → 0件（新規: 0院）
  🔲 [  6/144] (34.68, 135.415) → 0件（新規: 0院）
  🔲 [  7/144] (34.68, 135.423) → 0件（新規: 0院）
  🔲 [  8/144] (34.68, 135.431) → 0件（新規: 0院）
  🔲 [  9/144] (34.68, 135.439) → 2件（新規: 2院）
    ▶ スミレ歯科（★4.2・5件）  総合2点 📡0ソース
    ▶ なぎさ歯科医院（★2.9・15件）  総合0点 📡0ソース
  🔲 [ 10/144] (34.68, 135.447) → 5件（新規: 5院）
    ▶ 森歯科（★5・2件）  総合0点 📡0ソース
    ▶ 檀上歯科（★0・0件）  総合0点 📡0ソース
    ▶ 鈴木歯科医院（★3.7・20件）  総合0点 📡0ソース
    ▶ 山田屋歯科医院（★3・3件）  総合0点 📡0ソース
    ▶ 中川歯科医院（★4.6・35件）  総合5点 📡0ソース
  🔲 [ 11/144] (34.68, 135.455) → 12件（新規: 8院）
    ▶ ふかき歯科（★5・3件）  総合0点 📡0ソース
    ▶ 上野歯科医院（★0・0件）  総合0点 📡0ソース
    ▶ 弓倉歯科医院（★5・2件）  総合0点 📡0ソース
    ▶ 鈴木歯科医院（★3.7・20件）  総合0点 📡0ソース
    ▶ 山田屋歯科医院（★3・3件）  総合0点 📡0ソース
    ▶ 森歯科（★5・2件）  総合0点 📡0ソース
    ▶ 滝本歯科医院（★0・0件）  総合0点 📡0ソース
    ▶ はしもと歯科医院（★0・0件）  総合0点 📡0ソース
    ▶ 安田歯科医院（★0・0件）  総合0点 📡0ソース
    ▶ 武下歯科医院（★4・5件）  