========================================================
  公式サイト深掘り  対象 218院  FORCE=False
========================================================
  [1/218] なぎさ歯科医院    
  [2/218] 中川歯科医院  👤🦷
  [3/218] ふかき歯科  ✗取得失敗
  [4/218] 弓倉歯科医院  👤
  [5/218] はしもと歯科医院    
  [6/218] 安田歯科医院    🦷
  [7/218] ゆき歯科医院    
  [8/218] しば歯科医院  👤🦷
  [9/218] いしみ歯科  ✗取得失敗
  [10/218] 瀬谷歯科医院  ✗取得失敗
  [11/218] 久保歯科医院 千鳥橋駅【歯医者/親知らず  👤
  [12/218] 長谷川歯科医院  👤
  [13/218] 川井歯科  👤🦷
  [14/218] フローラル歯科  👤🦷
  [15/218] アトール歯科医院  ✗取得失敗
  [16/218] なかつか歯科おとなこども歯科クリニック  👤
  [17/218] そぶえ歯科    🦷
  [18/218] えがお歯科クリニック  👤🦷
  [19/218] つきの歯科クリニック  👤🦷
  [20/218] 寺尾歯科医院  👤🦷
    💾 20院保存 / 院長11 設備9
  [21/218] ながの歯科    
  [22/218] ぱくファミリー歯科・口腔外科  👤🦷
  [23/218] 医療法人 谷歯科クリニック  👤
  [24/218] SGデンタルクリニック西淀川 歯科・口腔  👤
  [25/218] 吉田歯科医院  👤🦷
  [26/218] みなみ歯科医院    🦷
  [27/218] まえだ歯科医院    
  [28/218] リトルシルバー  👤
  [29/218] くりた歯科    
  [30/218] すまいるデンタルクリニック    🦷
  [31/218] ひろおか歯科医院  👤🦷
  [32/218] 医療法人一艇会かわぐち歯科・矯正歯科  👤
  [33/218] ススキ歯科医院  👤
  [34/218] 石井歯科クリニック  👤
  [35/218] きたむら歯科クリニック  👤
  [36/218] 藤原歯科医院    🦷
  [37/218] すずき歯科  👤🦷
  [38/218] うちだ歯科  👤
  [39/218] 坂本歯科  👤🦷
  [40/218] つかさ歯科・矯正歯科  👤
    💾 40院保存 / 院長25 設備17
  [41/218] 左海歯科クリニック  👤
  [42/218] さくら歯科クリニック  👤🦷
  [43/218] うがき歯科医院  👤🦷
  [44/218] アクア畠中歯科  👤
  [45/218] そえだ歯科医院    
  [46/218] ひさい歯科医院  👤🦷
  [47/218] 延原歯科医院    🦷
  [48/218] 滝内歯科医院    
  [49/218] まじま歯科医院  👤
  [50/218] さとう歯科  👤
  [51/218] クスノセ歯科医院    
  [52/218] かもい歯科  👤🦷
  [53/218] 花田矯正歯科  👤🦷
  [54/218] 松岡歯科医院  👤🦷
  [55/218] 尼崎駅前歯科・矯正歯科  👤
  [56/218] 医療法人社団青波会 今井歯科クリニック    
  [57/218] 白岡歯科医院  👤
  [58/218] しげた歯科・矯正歯科  👤
  [59/218] たかおか歯科医院  👤
  [60/218] たけうち歯科クリニック  👤
    💾 60院保存 / 院長40 設備24
  [61/218] 長沢歯科医院    
  [62/218] ひらき歯科    🦷
  [63/218] 永末歯科医院  ✗取得失敗
  [64/218] ふくち歯科    🦷
  [65/218] 牛嶋歯科医院  👤
  [66/218] はなぶさ歯科医院  👤
  [67/218] 前原歯科のりこクリニック  👤
  [68/218] よしだ歯科クリニック  👤
  [69/218] 加藤歯科    🦷
  [70/218] 村田歯科医院  👤
  [71/218] 吉竹歯科医院  👤🦷
  [72/218] 久原歯科  👤
  [73/218] アオキ歯科医院  👤🦷
  [74/218] 徳永歯科診療所  👤
  [75/218] アップル歯科尼崎駅前  👤
  [76/218] 尼崎N’s歯科口腔クリニック  👤
  [77/218] ホワイトニングショップ尼崎店    
  [78/218] すずき歯科クリニック  👤🦷
  [79/218] はぴねす歯科・矯正歯科 尼崎駅前クリニッ  👤
  [80/218] JR尼崎駅前やすだ歯科    🦷
    💾 80院保存 / 院長53 設備31
  [81/218] ブライトデンタルクリニック あまがさきキ  👤🦷
  [82/218] 石黒歯科医院  👤🦷
  [83/218] 小石歯科医院  ✗取得失敗
  [84/218] 西村歯科  👤
  [85/218] 田中歯科クリニック  👤🦷
  [86/218] よしだ歯科クリニック    
  [87/218] 和田歯科医院  👤🦷
  [88/218] いのうえ歯科医院｜甲子園口/西宮《歯医者  👤
  [89/218] 保田矯正歯科  👤🦷
  [90/218] 口コミの管理  ✗取得失敗
  [91/218] 甲子園口オカダ歯科医院  👤🦷
  [92/218] あしかり歯科クリニック  👤🦷
  [93/218] オクノ歯科医院  👤🦷
  [94/218] なかむら歯科    🦷
  [95/218] くろだ歯科医院  👤
  [96/218] 生協歯科    🦷
  [97/218] たなかデンタルクリニック    🦷
  [98/218] 永田歯科医院  👤
  [99/218] ながみね歯科クリニック  👤🦷
  [100/218] 清水歯科  👤
    💾 100院保存 / 院長67 設備43
  [101/218] 寺浦歯科医院    
  [102/218] 中島歯科医院  👤
  [103/218] はまうらパーク歯科  👤🦷
  [104/218] ひだまりの歯科  👤🦷
  [105/218] 坪田歯科医院    
  [106/218] こばやしデンタルクリニック  👤
  [107/218] ほしいろ歯科こども歯科クリニック  👤🦷
  [108/218] 井上歯科医院  👤
  [109/218] 尼崎ガーデン歯科  👤🦷
  [110/218] にしだ歯科  👤
  [111/218] やすらぎ歯科医院    
  [112/218] Lipsy JR尼崎店    
  [113/218] 新都心歯科クリニック  👤🦷
  [114/218] きはら歯科  👤
  [115/218] かわばた矯正歯科  👤
  [116/218] ケイズ歯科医院  👤
  [117/218] のぶ歯科クリニック    
  [118/218] 髙尾歯科医院  👤
  [119/218] 白石デンタルクリニック    
  [120/218] 甲子園口しまはら歯科  👤🦷
    💾 120院保存 / 院長81 設備49
  [121/218] オパールデンタルクリニック  👤🦷
  [122/218] 川上歯科医院  👤
  [123/218] 永井歯科•矯正歯科  👤🦷
  [124/218] 塚口オオマチ歯科・矯正歯科  👤🦷
  [125/218] 山口歯科医院  👤🦷
  [126/218] 中嶋歯科医院  👤
  [127/218] 内野歯科  👤
  [128/218] 尼崎市ほほえみ歯科｜園田駅・インプラント  👤
  [129/218] 本田歯科医院  👤
  [130/218] すずき歯科医院    
  [131/218] としかわ歯科医院  ✗取得失敗
  [132/218] もちづき歯科医院  👤🦷
  [133/218] ふくだ歯科  👤
  [134/218] 杉本歯科クリニック    🦷
  [135/218] まなべ歯科    
  [136/218] やつづか歯科医院  👤
  [137/218] かい歯科    
  [138/218] 武庫之荘駅前かい矯正歯科    🦷
  [139/218] メディカルホワイトニングHAKU 尼崎店    
  [140/218] ハイズ歯科・矯正歯科クリニック  👤🦷
    💾 140院保存 / 院長94 設備57
  [141/218] 武庫之荘駅前歯科 ママとこどものはいしゃ  👤🦷
  [142/218] 武庫之荘駅前アリス歯科    
  [143/218] たまむら矯正歯科 武庫之荘院  👤
  [144/218] はたい歯科醫院  👤
  [145/218] はしづめ歯科クリニック  👤
  [146/218] 石川齒科醫院  👤
  [147/218] 阿部歯科  👤🦷
  [148/218] SUMIDA DENTAL CLINIC    🦷
  [149/218] 小島歯科医院    
  [150/218] 正木歯科クリニック  👤🦷
  [151/218] きしもと歯科  👤
  [152/218] 菅原歯科クリニック  👤
  [153/218] ＮＤデンタルクリニック  👤
  [154/218] ウカイ歯科クリニック 塚口 矯正  👤🦷
  [155/218] 阿部歯科・矯正歯科  👤🦷
  [156/218] よしだ歯科クリニック  👤
  [157/218] 小林歯科    
  [158/218] あらい歯科医院  👤🦷
  [159/218] 塚口駅前サンスマイル歯科クリニック    
  [160/218] 徳永歯科クリニック  👤
    💾 160院保存 / 院長109 設備64
  [161/218] 朝井矯正歯科  👤
  [162/218] たにぐち歯科クリニック  👤
  [163/218] 塚口駅前デンタルクリニック    
  [164/218] 白川歯科クリニック  👤
  [165/218] はらだ歯科クリニック    🦷
  [166/218] にしうら歯科クリニック  👤
  [167/218] あべ歯科クリニック    🦷
  [168/218] かめい矯正・小児歯科クリニック  👤
  [169/218] やとみ歯科  👤🦷
  [170/218] 細川歯科医院  👤
  [171/218] 大野歯科  👤
  [172/218] アキ歯科クリニック  👤🦷
  [173/218] いちむら歯科クリニック  👤🦷
  [174/218] 三愛歯科  👤🦷
  [175/218] ながとし歯科医院  👤🦷
  [176/218] 水野歯科医院  👤
  [177/218] 医療法人 こさか歯科クリニック  👤🦷
  [178/218] 伊丹みんなの歯医者さん 木下歯科    🦷
  [179/218] むらうち歯科矯正歯科  👤🦷
  [180/218] いけだ歯科クリニック  👤🦷
    💾 180院保存 / 院長125 設備75
  [181/218] 田中歯科  👤🦷
  [182/218] 塚口むらうち小児矯正クリニック  👤
  [183/218] 足裏から不調改善 よもぎ蒸し&足つぼ s  👤🦷
  [184/218] 鎌谷歯科医院    🦷
  [185/218] ごおデンタルクリニック  👤🦷
  [186/218] 橋村歯科医院  👤
  [187/218] しげ歯科稲野駅前院  👤🦷
  [188/218] みずの歯科・矯正歯科  👤
  [189/218] 内田歯科医院  👤🦷
  [190/218] みちざわ歯科・口腔外科  👤🦷
  [191/218] いちば歯科医院  👤
  [192/218] 木田歯科クリニック  ✗取得失敗
  [193/218] 井上歯科 園田  👤
  [194/218] どうがん歯科医院  👤
  [195/218] いちかわ歯科医院  👤
  [196/218] ホワイト歯科クリニック  👤🦷
  [197/218] はっとり歯科・小児矯正歯科  👤
  [198/218] みはら歯科クリニック  👤
  [199/218] ささべ歯科クリニック    
  [200/218] 臼井歯科医院    
    💾 200院保存 / 院長141 設備83
  [201/218] よしだ歯科    
  [202/218] とよなが歯科医院  👤
  [203/218] あさい歯科医院  👤🦷
  [204/218] 曽根あらい歯科医院    
  [205/218] くにえ歯科医院  👤
  [206/218] かおる歯科クリニック    🦷
  [207/218] きたつじ歯科クリニック  👤🦷
  [208/218] KANDA DENTAL CLINIC    🦷
  [209/218] ダイキデンタルクリニック  👤🦷
  [210/218] ヒロデンタルクリニック  👤🦷
  [211/218] ヒロデンタルクリニック訪問歯科    🦷
  [212/218] あおぞらデンタルクリニック  👤🦷
  [213/218] 尼崎市歯科医師会  👤
  [214/218] くすのきデンタルクリニック  👤
  [215/218] 尼崎口腔衛生センター    🦷
  [216/218] 障がい者グループホームLikeMe尼崎    
  [217/218] あん歯科クリニック    
  [218/218] 村内歯科医院  👤
========================================================
  ✅ 完了  抽出成功209 / 取得失敗9
  院長名あり 210院 / 設備あり 193院
========================================================
